<?xml version="1.0" encoding="UTF-8"?>
<!-- Generated by org.testng.reporters.JUnitReportReporter -->
<testsuite hostname="CBT-085" name="com.liqvid.scripts.SampleTest" tests="1" failures="0" timestamp="5 Jan 2017 13:03:39 GMT" time="122.988" errors="0">
  <testcase name="adminLogin" time="122.988" classname="com.liqvid.scripts.SampleTest"/>
</testsuite> <!-- com.liqvid.scripts.SampleTest -->
